In file included from [01m[K/home/rsl/Desktop/Indoor_Mobile_Robotic_Arm/Thesis/ws/build/roboteq_interface/rosidl_generator_c/roboteq_interface/msg/detail/driver_list__functions.h:19[m[K,
                 from [01m[K/home/rsl/Desktop/Indoor_Mobile_Robotic_Arm/Thesis/ws/build/roboteq_interface/rosidl_generator_c/roboteq_interface/msg/detail/driver_list__functions.c:4[m[K:
[01m[K/home/rsl/Desktop/Indoor_Mobile_Robotic_Arm/Thesis/ws/build/roboteq_interface/rosidl_generator_c/roboteq_interface/msg/detail/driver_list__struct.h:25:10:[m[K [01;31m[Kfatal error: [m[Kroboteq_interface/msg/detail/int16__struct.h: No such file or directory
   25 | #include [01;31m[K"roboteq_interface/msg/detail/int16__struct.h"[m[K
      |          [01;31m[K^~~~~~~~~~~~~~~~~~~~~~~~~~~~~~~~~~~~~~~~~~~~~~[m[K
compilation terminated.
make[2]: *** [CMakeFiles/roboteq_interface__rosidl_generator_c.dir/build.make:92: CMakeFiles/roboteq_interface__rosidl_generator_c.dir/rosidl_generator_c/roboteq_interface/msg/detail/driver_list__functions.c.o] Error 1
make[1]: *** [CMakeFiles/Makefile2:207: CMakeFiles/roboteq_interface__rosidl_generator_c.dir/all] Error 2
make[1]: *** Waiting for unfinished jobs....
In file included from [01m[K/home/rsl/Desktop/Indoor_Mobile_Robotic_Arm/Thesis/ws/build/roboteq_interface/rosidl_typesupport_cpp/roboteq_interface/msg/driver_list__type_support.cpp:7[m[K:
[01m[K/home/rsl/Desktop/Indoor_Mobile_Robotic_Arm/Thesis/ws/build/roboteq_interface/rosidl_generator_cpp/roboteq_interface/msg/detail/driver_list__struct.hpp:22:10:[m[K [01;31m[Kfatal error: [m[Kroboteq_interface/msg/detail/int16__struct.hpp: No such file or directory
   22 | #include [01;31m[K"roboteq_interface/msg/detail/int16__struct.hpp"[m[K
      |          [01;31m[K^~~~~~~~~~~~~~~~~~~~~~~~~~~~~~~~~~~~~~~~~~~~~~~~[m[K
compilation terminated.
In file included from [01m[K/home/rsl/Desktop/Indoor_Mobile_Robotic_Arm/Thesis/ws/build/roboteq_interface/rosidl_typesupport_fastrtps_cpp/roboteq_interface/msg/detail/driver_list__rosidl_typesupport_fastrtps_cpp.hpp:11[m[K,
                 from [01m[K/home/rsl/Desktop/Indoor_Mobile_Robotic_Arm/Thesis/ws/build/roboteq_interface/rosidl_typesupport_fastrtps_cpp/roboteq_interface/msg/detail/dds_fastrtps/driver_list__type_support.cpp:4[m[K:
[01m[K/home/rsl/Desktop/Indoor_Mobile_Robotic_Arm/Thesis/ws/build/roboteq_interface/rosidl_generator_cpp/roboteq_interface/msg/detail/driver_list__struct.hpp:22:10:[m[K [01;31m[Kfatal error: [m[Kroboteq_interface/msg/detail/int16__struct.hpp: No such file or directory
   22 | #include [01;31m[K"roboteq_interface/msg/detail/int16__struct.hpp"[m[K
      |          [01;31m[K^~~~~~~~~~~~~~~~~~~~~~~~~~~~~~~~~~~~~~~~~~~~~~~~[m[K
compilation terminated.
make[2]: *** [CMakeFiles/roboteq_interface__rosidl_typesupport_cpp.dir/build.make:73: CMakeFiles/roboteq_interface__rosidl_typesupport_cpp.dir/rosidl_typesupport_cpp/roboteq_interface/msg/driver_list__type_support.cpp.o] Error 1
make[1]: *** [CMakeFiles/Makefile2:526: CMakeFiles/roboteq_interface__rosidl_typesupport_cpp.dir/all] Error 2
make[2]: *** [CMakeFiles/roboteq_interface__rosidl_typesupport_fastrtps_cpp.dir/build.make:78: CMakeFiles/roboteq_interface__rosidl_typesupport_fastrtps_cpp.dir/rosidl_typesupport_fastrtps_cpp/roboteq_interface/msg/detail/dds_fastrtps/driver_list__type_support.cpp.o] Error 1
make[1]: *** [CMakeFiles/Makefile2:297: CMakeFiles/roboteq_interface__rosidl_typesupport_fastrtps_cpp.dir/all] Error 2
In file included from [01m[K/home/rsl/Desktop/Indoor_Mobile_Robotic_Arm/Thesis/ws/build/roboteq_interface/rosidl_typesupport_introspection_cpp/roboteq_interface/msg/detail/driver_list__type_support.cpp:12[m[K:
[01m[K/home/rsl/Desktop/Indoor_Mobile_Robotic_Arm/Thesis/ws/build/roboteq_interface/rosidl_generator_cpp/roboteq_interface/msg/detail/driver_list__struct.hpp:22:10:[m[K [01;31m[Kfatal error: [m[Kroboteq_interface/msg/detail/int16__struct.hpp: No such file or directory
   22 | #include [01;31m[K"roboteq_interface/msg/detail/int16__struct.hpp"[m[K
      |          [01;31m[K^~~~~~~~~~~~~~~~~~~~~~~~~~~~~~~~~~~~~~~~~~~~~~~~[m[K
compilation terminated.
make[2]: *** [CMakeFiles/roboteq_interface__rosidl_typesupport_introspection_cpp.dir/build.make:78: CMakeFiles/roboteq_interface__rosidl_typesupport_introspection_cpp.dir/rosidl_typesupport_introspection_cpp/roboteq_interface/msg/detail/driver_list__type_support.cpp.o] Error 1
make[1]: *** [CMakeFiles/Makefile2:468: CMakeFiles/roboteq_interface__rosidl_typesupport_introspection_cpp.dir/all] Error 2
make: *** [Makefile:141: all] Error 2
