[2.011s] Invoking command in '/home/rsl/Desktop/Indoor_Mobile_Robotic_Arm/Thesis/ws/src/build/teleop_twist_joy': CMAKE_PREFIX_PATH=${CMAKE_PREFIX_PATH}:/home/rsl/Desktop/Indoor_Mobile_Robotic_Arm/Thesis/ws/install/rsl_scu:/home/rsl/Desktop/Indoor_Mobile_Robotic_Arm/Thesis/ws/install/locomotion_core:/home/rsl/Desktop/Indoor_Mobile_Robotic_Arm/Thesis/install/rsl_scu:/home/rsl/Desktop/Indoor_Mobile_Robotic_Arm/Thesis/install/locomotion_core:/opt/ros/foxy /usr/bin/cmake /home/rsl/Desktop/Indoor_Mobile_Robotic_Arm/Thesis/ws/src/teleop_twist_joy -DCMAKE_INSTALL_PREFIX=/home/rsl/Desktop/Indoor_Mobile_Robotic_Arm/Thesis/ws/src/install/teleop_twist_joy
[2.923s] -- The C compiler identification is GNU 9.4.0
[3.444s] -- The CXX compiler identification is GNU 9.4.0
[3.463s] -- Check for working C compiler: /usr/bin/cc
[3.752s] -- Check for working C compiler: /usr/bin/cc -- works
[3.850s] -- Detecting C compiler ABI info
[4.166s] -- Detecting C compiler ABI info - done
[4.186s] -- Detecting C compile features
[4.187s] -- Detecting C compile features - done
[4.194s] -- Check for working CXX compiler: /usr/bin/c++
[4.509s] -- Check for working CXX compiler: /usr/bin/c++ -- works
[4.511s] -- Detecting CXX compiler ABI info
[4.917s] -- Detecting CXX compiler ABI info - done
[4.947s] -- Detecting CXX compile features
[4.948s] -- Detecting CXX compile features - done
[4.991s] -- Found ament_cmake: 0.9.11 (/opt/ros/foxy/share/ament_cmake/cmake)
[5.357s] -- Found PythonInterp: /usr/bin/python3 (found suitable version "3.8.10", minimum required is "3") 
[5.357s] -- Using PYTHON_EXECUTABLE: /usr/bin/python3
[6.002s] Error processing line 1 of /usr/lib/python3/dist-packages/matplotlib-3.1.2-nspkg.pth:
[6.002s] 
[6.002s]   Traceback (most recent call last):
[6.003s]     File "/usr/lib/python3.8/site.py", line 175, in addpackage
[6.003s]       exec(line)
[6.003s]     File "<string>", line 1, in <module>
[6.004s]     File "<frozen importlib._bootstrap>", line 553, in module_from_spec
[6.004s]   AttributeError: 'NoneType' object has no attribute 'loader'
[6.004s] 
[6.004s] Remainder of file ignored
[6.255s] -- Found geometry_msgs: 2.0.5 (/opt/ros/foxy/share/geometry_msgs/cmake)
[6.475s] -- Using all available rosidl_typesupport_c: rosidl_typesupport_fastrtps_c;rosidl_typesupport_introspection_c
[6.494s] -- Found rosidl_adapter: 1.3.0 (/opt/ros/foxy/share/rosidl_adapter/cmake)
[6.999s] -- Found OpenSSL: /usr/lib/aarch64-linux-gnu/libcrypto.so (found version "1.1.1f")  
[7.198s] -- Found FastRTPS: /opt/ros/foxy/include  
[7.656s] -- Using all available rosidl_typesupport_cpp: rosidl_typesupport_fastrtps_cpp;rosidl_typesupport_introspection_cpp
[8.113s] -- Found rclcpp: 2.4.2 (/opt/ros/foxy/share/rclcpp/cmake)
[8.366s] -- Found rmw_implementation_cmake: 1.0.4 (/opt/ros/foxy/share/rmw_implementation_cmake/cmake)
[8.372s] -- Using RMW implementation 'rmw_fastrtps_cpp' as default
[8.376s] -- Looking for pthread.h
[8.655s] -- Looking for pthread.h - found
[8.656s] -- Performing Test CMAKE_HAVE_LIBC_PTHREAD
[9.035s] -- Performing Test CMAKE_HAVE_LIBC_PTHREAD - Failed
[9.035s] -- Looking for pthread_create in pthreads
[9.554s] -- Looking for pthread_create in pthreads - not found
[9.554s] -- Looking for pthread_create in pthread
[9.787s] -- Looking for pthread_create in pthread - found
[9.791s] -- Found Threads: TRUE  
[11.060s] -- Found rclcpp_components: 2.4.2 (/opt/ros/foxy/share/rclcpp_components/cmake)
[11.468s] -- Found sensor_msgs: 2.0.5 (/opt/ros/foxy/share/sensor_msgs/cmake)
[11.752s] -- Performing Test COMPILER_HAS_HIDDEN_VISIBILITY
[11.998s] -- Performing Test COMPILER_HAS_HIDDEN_VISIBILITY - Success
[12.000s] -- Performing Test COMPILER_HAS_HIDDEN_INLINE_VISIBILITY
[12.252s] -- Performing Test COMPILER_HAS_HIDDEN_INLINE_VISIBILITY - Success
[12.253s] -- Performing Test COMPILER_HAS_DEPRECATED_ATTR
[12.513s] -- Performing Test COMPILER_HAS_DEPRECATED_ATTR - Success
[12.664s] -- Found ament_lint_auto: 0.9.8 (/opt/ros/foxy/share/ament_lint_auto/cmake)
[13.128s] Error processing line 1 of /usr/lib/python3/dist-packages/matplotlib-3.1.2-nspkg.pth:
[13.128s] 
[13.129s]   Traceback (most recent call last):
[13.129s]     File "/usr/lib/python3.8/site.py", line 175, in addpackage
[13.129s]       exec(line)
[13.129s]     File "<string>", line 1, in <module>
[13.129s]     File "<frozen importlib._bootstrap>", line 553, in module_from_spec
[13.129s]   AttributeError: 'NoneType' object has no attribute 'loader'
[13.130s] 
[13.130s] Remainder of file ignored
[13.493s] -- Found python_cmake_module: 0.8.1 (/opt/ros/foxy/share/python_cmake_module/cmake)
[13.750s] -- Found PythonInterp: /usr/bin/python3 (found suitable version "3.8.10", minimum required is "3.5") 
[13.908s] -- Found PythonLibs: /usr/lib/aarch64-linux-gnu/libpython3.8.so (found suitable version "3.8.10", minimum required is "3.5") 
[13.908s] -- Using PYTHON_EXECUTABLE: /usr/bin/python3
[13.908s] -- Using PYTHON_INCLUDE_DIRS: /usr/include/python3.8
[13.908s] -- Using PYTHON_LIBRARIES: /usr/lib/aarch64-linux-gnu/libpython3.8.so
[14.100s] Error processing line 1 of /usr/lib/python3/dist-packages/matplotlib-3.1.2-nspkg.pth:
[14.101s] 
[14.101s]   Traceback (most recent call last):
[14.101s]     File "/usr/lib/python3.8/site.py", line 175, in addpackage
[14.101s]       exec(line)
[14.101s]     File "<string>", line 1, in <module>
[14.102s]     File "<frozen importlib._bootstrap>", line 553, in module_from_spec
[14.102s]   AttributeError: 'NoneType' object has no attribute 'loader'
[14.102s] 
[14.102s] Remainder of file ignored
[14.114s] -- Found PythonExtra: .so  
[14.446s] -- Added test 'cppcheck' to perform static code analysis on C / C++ code
[14.446s] -- Configured cppcheck include dirs: /home/rsl/Desktop/Indoor_Mobile_Robotic_Arm/Thesis/ws/src/teleop_twist_joy/include
[14.446s] -- Configured cppcheck exclude dirs and/or files: 
[14.448s] -- Added test 'flake8' to check Python code syntax and style conventions
[14.451s] -- Added test 'lint_cmake' to check CMake code style
[14.453s] -- Added test 'pep257' to check Python code against some of the style conventions in PEP 257
[14.456s] -- Added test 'xmllint' to check XML markup files
[14.470s] -- Configuring done
[14.499s] -- Generating done
[14.503s] -- Build files have been written to: /home/rsl/Desktop/Indoor_Mobile_Robotic_Arm/Thesis/ws/src/build/teleop_twist_joy
[14.549s] Invoked command in '/home/rsl/Desktop/Indoor_Mobile_Robotic_Arm/Thesis/ws/src/build/teleop_twist_joy' returned '0': CMAKE_PREFIX_PATH=${CMAKE_PREFIX_PATH}:/home/rsl/Desktop/Indoor_Mobile_Robotic_Arm/Thesis/ws/install/rsl_scu:/home/rsl/Desktop/Indoor_Mobile_Robotic_Arm/Thesis/ws/install/locomotion_core:/home/rsl/Desktop/Indoor_Mobile_Robotic_Arm/Thesis/install/rsl_scu:/home/rsl/Desktop/Indoor_Mobile_Robotic_Arm/Thesis/install/locomotion_core:/opt/ros/foxy /usr/bin/cmake /home/rsl/Desktop/Indoor_Mobile_Robotic_Arm/Thesis/ws/src/teleop_twist_joy -DCMAKE_INSTALL_PREFIX=/home/rsl/Desktop/Indoor_Mobile_Robotic_Arm/Thesis/ws/src/install/teleop_twist_joy
[14.556s] Invoking command in '/home/rsl/Desktop/Indoor_Mobile_Robotic_Arm/Thesis/ws/src/build/teleop_twist_joy': CMAKE_PREFIX_PATH=${CMAKE_PREFIX_PATH}:/home/rsl/Desktop/Indoor_Mobile_Robotic_Arm/Thesis/ws/install/rsl_scu:/home/rsl/Desktop/Indoor_Mobile_Robotic_Arm/Thesis/ws/install/locomotion_core:/home/rsl/Desktop/Indoor_Mobile_Robotic_Arm/Thesis/install/rsl_scu:/home/rsl/Desktop/Indoor_Mobile_Robotic_Arm/Thesis/install/locomotion_core:/opt/ros/foxy /usr/bin/cmake --build /home/rsl/Desktop/Indoor_Mobile_Robotic_Arm/Thesis/ws/src/build/teleop_twist_joy -- -j6 -l6
[14.662s] [35m[1mScanning dependencies of target teleop_twist_joy[0m
[15.169s] [ 25%] [32mBuilding CXX object CMakeFiles/teleop_twist_joy.dir/src/teleop_twist_joy.cpp.o[0m
[31.729s] [ 50%] [32m[1mLinking CXX shared library libteleop_twist_joy.so[0m
[32.765s] [ 50%] Built target teleop_twist_joy
[32.791s] [35m[1mScanning dependencies of target teleop_twist_joy_node[0m
[32.980s] [ 75%] [32mBuilding CXX object CMakeFiles/teleop_twist_joy_node.dir/src/teleop_node.cpp.o[0m
[37.319s] [100%] [32m[1mLinking CXX executable teleop_node[0m
[37.745s] [100%] Built target teleop_twist_joy_node
[37.822s] Invoked command in '/home/rsl/Desktop/Indoor_Mobile_Robotic_Arm/Thesis/ws/src/build/teleop_twist_joy' returned '0': CMAKE_PREFIX_PATH=${CMAKE_PREFIX_PATH}:/home/rsl/Desktop/Indoor_Mobile_Robotic_Arm/Thesis/ws/install/rsl_scu:/home/rsl/Desktop/Indoor_Mobile_Robotic_Arm/Thesis/ws/install/locomotion_core:/home/rsl/Desktop/Indoor_Mobile_Robotic_Arm/Thesis/install/rsl_scu:/home/rsl/Desktop/Indoor_Mobile_Robotic_Arm/Thesis/install/locomotion_core:/opt/ros/foxy /usr/bin/cmake --build /home/rsl/Desktop/Indoor_Mobile_Robotic_Arm/Thesis/ws/src/build/teleop_twist_joy -- -j6 -l6
[37.921s] Invoking command in '/home/rsl/Desktop/Indoor_Mobile_Robotic_Arm/Thesis/ws/src/build/teleop_twist_joy': CMAKE_PREFIX_PATH=${CMAKE_PREFIX_PATH}:/home/rsl/Desktop/Indoor_Mobile_Robotic_Arm/Thesis/ws/install/rsl_scu:/home/rsl/Desktop/Indoor_Mobile_Robotic_Arm/Thesis/ws/install/locomotion_core:/home/rsl/Desktop/Indoor_Mobile_Robotic_Arm/Thesis/install/rsl_scu:/home/rsl/Desktop/Indoor_Mobile_Robotic_Arm/Thesis/install/locomotion_core:/opt/ros/foxy /usr/bin/cmake --install /home/rsl/Desktop/Indoor_Mobile_Robotic_Arm/Thesis/ws/src/build/teleop_twist_joy
[37.943s] -- Install configuration: ""
[37.944s] -- Installing: /home/rsl/Desktop/Indoor_Mobile_Robotic_Arm/Thesis/ws/src/install/teleop_twist_joy/lib/libteleop_twist_joy.so
[37.953s] -- Set runtime path of "/home/rsl/Desktop/Indoor_Mobile_Robotic_Arm/Thesis/ws/src/install/teleop_twist_joy/lib/libteleop_twist_joy.so" to ""
[37.953s] -- Installing: /home/rsl/Desktop/Indoor_Mobile_Robotic_Arm/Thesis/ws/src/install/teleop_twist_joy/lib/teleop_twist_joy/teleop_node
[37.954s] -- Set runtime path of "/home/rsl/Desktop/Indoor_Mobile_Robotic_Arm/Thesis/ws/src/install/teleop_twist_joy/lib/teleop_twist_joy/teleop_node" to ""
[37.954s] -- Installing: /home/rsl/Desktop/Indoor_Mobile_Robotic_Arm/Thesis/ws/src/install/teleop_twist_joy/include
[37.954s] -- Installing: /home/rsl/Desktop/Indoor_Mobile_Robotic_Arm/Thesis/ws/src/install/teleop_twist_joy/include/teleop_twist_joy
[37.954s] -- Installing: /home/rsl/Desktop/Indoor_Mobile_Robotic_Arm/Thesis/ws/src/install/teleop_twist_joy/include/teleop_twist_joy/teleop_twist_joy.hpp
[37.954s] -- Installing: /home/rsl/Desktop/Indoor_Mobile_Robotic_Arm/Thesis/ws/src/install/teleop_twist_joy/include/teleop_twist_joy/teleop_twist_joy_export.h
[37.955s] -- Installing: /home/rsl/Desktop/Indoor_Mobile_Robotic_Arm/Thesis/ws/src/install/teleop_twist_joy/share/teleop_twist_joy/launch
[37.955s] -- Installing: /home/rsl/Desktop/Indoor_Mobile_Robotic_Arm/Thesis/ws/src/install/teleop_twist_joy/share/teleop_twist_joy/launch/teleop-launch.py
[38.009s] -- Installing: /home/rsl/Desktop/Indoor_Mobile_Robotic_Arm/Thesis/ws/src/install/teleop_twist_joy/share/teleop_twist_joy/config
[38.010s] -- Installing: /home/rsl/Desktop/Indoor_Mobile_Robotic_Arm/Thesis/ws/src/install/teleop_twist_joy/share/teleop_twist_joy/config/xd3.config.yaml
[38.010s] -- Installing: /home/rsl/Desktop/Indoor_Mobile_Robotic_Arm/Thesis/ws/src/install/teleop_twist_joy/share/teleop_twist_joy/config/logitech.config.yaml
[38.010s] -- Installing: /home/rsl/Desktop/Indoor_Mobile_Robotic_Arm/Thesis/ws/src/install/teleop_twist_joy/share/teleop_twist_joy/config/ps3.config.yaml
[38.011s] -- Installing: /home/rsl/Desktop/Indoor_Mobile_Robotic_Arm/Thesis/ws/src/install/teleop_twist_joy/share/teleop_twist_joy/config/ps3-holonomic.config.yaml
[38.015s] -- Installing: /home/rsl/Desktop/Indoor_Mobile_Robotic_Arm/Thesis/ws/src/install/teleop_twist_joy/share/teleop_twist_joy/config/atk3.config.yaml
[38.015s] -- Installing: /home/rsl/Desktop/Indoor_Mobile_Robotic_Arm/Thesis/ws/src/install/teleop_twist_joy/share/teleop_twist_joy/config/xbox.config.yaml
[38.016s] -- Installing: /home/rsl/Desktop/Indoor_Mobile_Robotic_Arm/Thesis/ws/src/install/teleop_twist_joy/share/teleop_twist_joy/environment/library_path.sh
[38.016s] -- Installing: /home/rsl/Desktop/Indoor_Mobile_Robotic_Arm/Thesis/ws/src/install/teleop_twist_joy/share/teleop_twist_joy/environment/library_path.dsv
[38.017s] -- Installing: /home/rsl/Desktop/Indoor_Mobile_Robotic_Arm/Thesis/ws/src/install/teleop_twist_joy/share/ament_index/resource_index/package_run_dependencies/teleop_twist_joy
[38.017s] -- Installing: /home/rsl/Desktop/Indoor_Mobile_Robotic_Arm/Thesis/ws/src/install/teleop_twist_joy/share/ament_index/resource_index/parent_prefix_path/teleop_twist_joy
[38.017s] -- Installing: /home/rsl/Desktop/Indoor_Mobile_Robotic_Arm/Thesis/ws/src/install/teleop_twist_joy/share/teleop_twist_joy/environment/ament_prefix_path.sh
[38.018s] -- Installing: /home/rsl/Desktop/Indoor_Mobile_Robotic_Arm/Thesis/ws/src/install/teleop_twist_joy/share/teleop_twist_joy/environment/ament_prefix_path.dsv
[38.018s] -- Installing: /home/rsl/Desktop/Indoor_Mobile_Robotic_Arm/Thesis/ws/src/install/teleop_twist_joy/share/teleop_twist_joy/environment/path.sh
[38.018s] -- Installing: /home/rsl/Desktop/Indoor_Mobile_Robotic_Arm/Thesis/ws/src/install/teleop_twist_joy/share/teleop_twist_joy/environment/path.dsv
[38.019s] -- Installing: /home/rsl/Desktop/Indoor_Mobile_Robotic_Arm/Thesis/ws/src/install/teleop_twist_joy/share/teleop_twist_joy/local_setup.bash
[38.019s] -- Installing: /home/rsl/Desktop/Indoor_Mobile_Robotic_Arm/Thesis/ws/src/install/teleop_twist_joy/share/teleop_twist_joy/local_setup.sh
[38.019s] -- Installing: /home/rsl/Desktop/Indoor_Mobile_Robotic_Arm/Thesis/ws/src/install/teleop_twist_joy/share/teleop_twist_joy/local_setup.zsh
[38.020s] -- Installing: /home/rsl/Desktop/Indoor_Mobile_Robotic_Arm/Thesis/ws/src/install/teleop_twist_joy/share/teleop_twist_joy/local_setup.dsv
[38.020s] -- Installing: /home/rsl/Desktop/Indoor_Mobile_Robotic_Arm/Thesis/ws/src/install/teleop_twist_joy/share/teleop_twist_joy/package.dsv
[38.020s] -- Installing: /home/rsl/Desktop/Indoor_Mobile_Robotic_Arm/Thesis/ws/src/install/teleop_twist_joy/share/ament_index/resource_index/packages/teleop_twist_joy
[38.021s] -- Installing: /home/rsl/Desktop/Indoor_Mobile_Robotic_Arm/Thesis/ws/src/install/teleop_twist_joy/share/ament_index/resource_index/rclcpp_components/teleop_twist_joy
[38.021s] -- Installing: /home/rsl/Desktop/Indoor_Mobile_Robotic_Arm/Thesis/ws/src/install/teleop_twist_joy/share/teleop_twist_joy/cmake/ament_cmake_export_include_directories-extras.cmake
[38.021s] -- Installing: /home/rsl/Desktop/Indoor_Mobile_Robotic_Arm/Thesis/ws/src/install/teleop_twist_joy/share/teleop_twist_joy/cmake/ament_cmake_export_libraries-extras.cmake
[38.022s] -- Installing: /home/rsl/Desktop/Indoor_Mobile_Robotic_Arm/Thesis/ws/src/install/teleop_twist_joy/share/teleop_twist_joy/cmake/teleop_twist_joyConfig.cmake
[38.022s] -- Installing: /home/rsl/Desktop/Indoor_Mobile_Robotic_Arm/Thesis/ws/src/install/teleop_twist_joy/share/teleop_twist_joy/cmake/teleop_twist_joyConfig-version.cmake
[38.022s] -- Installing: /home/rsl/Desktop/Indoor_Mobile_Robotic_Arm/Thesis/ws/src/install/teleop_twist_joy/share/teleop_twist_joy/package.xml
[38.034s] Invoked command in '/home/rsl/Desktop/Indoor_Mobile_Robotic_Arm/Thesis/ws/src/build/teleop_twist_joy' returned '0': CMAKE_PREFIX_PATH=${CMAKE_PREFIX_PATH}:/home/rsl/Desktop/Indoor_Mobile_Robotic_Arm/Thesis/ws/install/rsl_scu:/home/rsl/Desktop/Indoor_Mobile_Robotic_Arm/Thesis/ws/install/locomotion_core:/home/rsl/Desktop/Indoor_Mobile_Robotic_Arm/Thesis/install/rsl_scu:/home/rsl/Desktop/Indoor_Mobile_Robotic_Arm/Thesis/install/locomotion_core:/opt/ros/foxy /usr/bin/cmake --install /home/rsl/Desktop/Indoor_Mobile_Robotic_Arm/Thesis/ws/src/build/teleop_twist_joy
